### Inferred type ###

\Bool :1 Type.
  \T :2 Bool.
    \F :3 Bool.
      \Nat :4 Type.
        \Z :5 Nat.
          \S :6 (n :L Nat) -> Nat.
            \Vect :7 (n :E Nat) -> (a :E Type) -> Type.
              \Nil :8 (a :I Type) -> Vect -9- Z -10- a.
                \Cons :11 (a :I Type) -> (n :I Nat) -> (x :L a) -> (xs :L Vect -12- n -13- a) -> Vect -15- (S -14- n) -16- a.
                  \b :17 Bool.
                    Cons -30- Bool -31- (S -19- (S -18- Z)) -32- T -33- (Cons -26- Bool -27- (S -20- Z) -28- b -29- (Cons -22- Bool -23- Z -24- F -25- (Nil -21- Bool)))

  : (Bool :1 Type) -> (T :2 Bool) -> (F :3 Bool) -> (Nat :4 Type) -> (Z :5 Nat) -> (S :6 (n :L Nat) -> Nat) -> (Vect :7 (n :E Nat) -> (a :E Type) -> Type) -> (Nil :8 (a :I Type) -> Vect -9- Z -10- a) -> (Cons :11 (a :I Type) -> (n :I Nat) -> (x :L a) -> (xs :L Vect -12- n -13- a) -> Vect -15- (S -14- n) -16- a) -> (b :17 Bool) -> Vect -15- (S -14- (S -19- (S -18- Z))) -16- Bool

### Constraints ###

  [] -> Bool ~ Bool
  [] -> Nat ~ Nat
  [] -> Vect -15- (S -14- (S -20- Z)) -16- Bool ~ Vect -12- (S -19- (S -18- Z)) -13- Bool
  [] -> Type ~ Type
  [15,I] -> Nat ~ Nat
  [19,31] -> Nat ~ Nat
  [25,29,33] -> Type ~ Type
  [27,33] -> Nat ~ Nat
  [29,33] -> Bool ~ Bool
  [29,33] -> Nat ~ Nat
  [29,33] -> Vect -9- Z -10- Bool ~ Vect -12- Z -13- Bool
  [29,33] -> Type ~ Type
  [31] -> Nat ~ Nat
  [33] -> Bool ~ Bool
  [33] -> Nat ~ Nat
  [33] -> Vect -15- (S -14- Z) -16- Bool ~ Vect -12- (S -20- Z) -13- Bool
  [33] -> Type ~ Type
  [I] -> Nat ~ Nat
  [I] -> Type ~ Type

  [I] -> I
  [I] -> I
  [I] -> I
  [I] -> I
  [I] -> I
  [I] -> I
  [I] -> I
  [9,I] -> I
  [10,I] -> I
  [I] -> I
  [I] -> I
  [I] -> I
  [12,I] -> I
  [13,I] -> I
  [I] -> I
  [15,I] -> I
  [14,15,I] -> I
  [16,I] -> I
  [I] -> I
  [] -> 11
  [30] -> 1
  [31] -> 6
  [19,31] -> 6
  [18,19,31] -> 5
  [32] -> 2
  [33] -> 11
  [26,33] -> 1
  [27,33] -> 6
  [20,27,33] -> 5
  [28,33] -> 17
  [29,33] -> 11
  [22,29,33] -> 1
  [23,29,33] -> 5
  [24,29,33] -> 3
  [25,29,33] -> 8
  [21,25,29,33] -> 1

  (9,E)
  (10,E)
  (12,E)
  (13,E)
  (14,L)
  (15,E)
  (16,E)
  (18,L)
  (19,L)
  (20,L)
  (21,I)
  (22,I)
  (23,I)
  (24,L)
  (25,L)
  (26,I)
  (27,I)
  (28,L)
  (29,L)
  (30,I)
  (31,I)
  (32,L)
  (33,L)

### Solving ###

-> iteration 1
  evar updates:
    2 -> L
    3 -> L
    8 -> L
    9 -> E
    10 -> E
    11 -> R
    12 -> E
    13 -> E
    14 -> L
    15 -> E
    16 -> E
    17 -> L
    18 -> L
    19 -> L
    20 -> L
    24 -> L
    25 -> L
    28 -> L
    29 -> L
    32 -> L
    33 -> L

  rechecking eqs:
    Bool ~ Bool
    Nat ~ Nat
    Vect -9- Z -10- Bool ~ Vect -12- Z -13- Bool
    Vect -15- (S -14- Z) -16- Bool ~ Vect -12- (S -20- Z) -13- Bool
    Vect -15- (S -14- (S -20- Z)) -16- Bool ~ Vect -12- (S -19- (S -18- Z)) -13- Bool
    Type ~ Type

  new constraints from conversion:
    [9] -> Z ~ Z
    [10] -> Bool ~ Bool
    [15] -> S -14- Z ~ S -20- Z
    [15] -> S -14- (S -20- Z) ~ S -19- (S -18- Z)
    [16] -> Bool ~ Bool


    9 = 12
    10 = 13
    15 = 12
    16 = 13

-> iteration 2
  evar updates:

  rechecking eqs:
    Bool ~ Bool
    Nat ~ Nat
    Z ~ Z
    Vect -9- Z -10- Bool ~ Vect -12- Z -13- Bool
    S -14- Z ~ S -20- Z
    S -14- (S -20- Z) ~ S -19- (S -18- Z)
    Vect -15- (S -14- Z) -16- Bool ~ Vect -12- (S -20- Z) -13- Bool
    Vect -15- (S -14- (S -20- Z)) -16- Bool ~ Vect -12- (S -19- (S -18- Z)) -13- Bool
    Type ~ Type

  new constraints from conversion:
    [9] -> Z ~ Z
    [10] -> Bool ~ Bool
    [14] -> Z ~ Z
    [14] -> S -20- Z ~ S -18- Z
    [15] -> S -14- Z ~ S -20- Z
    [15] -> S -14- (S -20- Z) ~ S -19- (S -18- Z)
    [16] -> Bool ~ Bool


    9 = 12
    10 = 13
    14 = 19
    14 = 20
    15 = 12
    16 = 13

-> iteration 3
  evar updates:

  rechecking eqs:
    Bool ~ Bool
    Nat ~ Nat
    Z ~ Z
    Vect -9- Z -10- Bool ~ Vect -12- Z -13- Bool
    S -14- Z ~ S -20- Z
    S -14- (S -20- Z) ~ S -19- (S -18- Z)
    Vect -15- (S -14- Z) -16- Bool ~ Vect -12- (S -20- Z) -13- Bool
    Vect -15- (S -14- (S -20- Z)) -16- Bool ~ Vect -12- (S -19- (S -18- Z)) -13- Bool
    S -20- Z ~ S -18- Z
    Type ~ Type

  new constraints from conversion:
    [9] -> Z ~ Z
    [10] -> Bool ~ Bool
    [14] -> Z ~ Z
    [14] -> S -20- Z ~ S -18- Z
    [15] -> S -14- Z ~ S -20- Z
    [15] -> S -14- (S -20- Z) ~ S -19- (S -18- Z)
    [16] -> Bool ~ Bool
    [20] -> Z ~ Z


    9 = 12
    10 = 13
    14 = 19
    14 = 20
    15 = 12
    16 = 13
    20 = 18

-> iteration 4

### Final solution ###

  1 -> I
  2 -> L
  3 -> L
  5 -> I
  6 -> I
  8 -> L
  9 -> E
  10 -> E
  11 -> R
  12 -> E
  13 -> E
  14 -> L
  15 -> E
  16 -> E
  17 -> L
  18 -> L
  19 -> L
  20 -> L
  21 -> I
  22 -> I
  23 -> I
  24 -> L
  25 -> L
  26 -> I
  27 -> I
  28 -> L
  29 -> L
  30 -> I
  31 -> I
  32 -> L
  33 -> L

### Fully annotated program ###

\Bool :I Type.
  \T :L Bool.
    \F :L Bool.
      \Nat :I Type.
        \Z :I Nat.
          \S :I (n :L Nat) -> Nat.
            \Vect :I (n :E Nat) -> (a :E Type) -> Type.
              \Nil :L (a :I Type) -> Vect -E- Z -E- a.
                \Cons :R (a :I Type) -> (n :I Nat) -> (x :L a) -> (xs :L Vect -E- n -E- a) -> Vect -E- (S -L- n) -E- a.
                  \b :L Bool.
                    Cons -I- Bool -I- (S -L- (S -L- Z)) -L- T -L- (Cons -I- Bool -I- (S -L- Z) -L- b -L- (Cons -I- Bool -I- Z -L- F -L- (Nil -I- Bool)))

### Erase: irrelevant data ###

\T : Bool.
  \F : Bool.
    \Nil : Vect Z a.
      \Cons : (x : a) -> (xs : Vect n a) -> Vect (S n) a.
        \b : Bool.
          Cons T (Cons b (Cons F Nil))

### Erase: non-runtime data ###

\T F Nil Cons b.
  Cons T (Cons b (Cons F Nil))
